Start time: 2025-07-20 18:46:49
Running Deep MMD Graph Kernel on MUTAG dataset
============== Training ==============
Evaluate the graph kernel by graph classification accuracy & spectral clustering
Epoch   1 | Test Results: {'train_clu_acc': np.float64(0.78), 'train_clu_nmi': 0.2753370710915348, 'train_clu_ari': 0.30935752766988583, 'train_svc_acc': 0.82, 'test_svc_acc': 0.8947368421052632}

Evaluate the graph kernel by graph classification accuracy & spectral clustering
Epoch   2 | Test Results: {'train_clu_acc': np.float64(0.78), 'train_clu_nmi': 0.26444441439284333, 'train_clu_ari': 0.30922709811701926, 'train_svc_acc': 0.8466666666666667, 'test_svc_acc': 0.9210526315789473}

Evaluate the graph kernel by graph classification accuracy & spectral clustering
Epoch   3 | Test Results: {'train_clu_acc': np.float64(0.74), 'train_clu_nmi': 0.18727392866074466, 'train_clu_ari': 0.22549704940393073, 'train_svc_acc': 0.88, 'test_svc_acc': 0.8947368421052632}

Evaluate the graph kernel by graph classification accuracy & spectral clustering
Epoch   4 | Test Results: {'train_clu_acc': np.float64(0.7333333333333333), 'train_clu_nmi': 0.1797204400116223, 'train_clu_ari': 0.2128811259363305, 'train_svc_acc': 0.88, 'test_svc_acc': 0.868421052631579}

Evaluate the graph kernel by graph classification accuracy & spectral clustering
Epoch   5 | Test Results: {'train_clu_acc': np.float64(0.7133333333333334), 'train_clu_nmi': 0.1663854199594791, 'train_clu_ari': 0.17698885905442752, 'train_svc_acc': 0.8733333333333333, 'test_svc_acc': 0.868421052631579}

Evaluate the graph kernel by graph classification accuracy & spectral clustering
Epoch   6 | Test Results: {'train_clu_acc': np.float64(0.72), 'train_clu_nmi': 0.17327738882203125, 'train_clu_ari': 0.18865413564258204, 'train_svc_acc': 0.86, 'test_svc_acc': 0.8421052631578947}

Evaluate the graph kernel by graph classification accuracy & spectral clustering
Epoch   7 | Test Results: {'train_clu_acc': np.float64(0.72), 'train_clu_nmi': 0.18205509504152764, 'train_clu_ari': 0.18855199710163525, 'train_svc_acc': 0.8333333333333334, 'test_svc_acc': 0.7631578947368421}

Evaluate the graph kernel by graph classification accuracy & spectral clustering
Epoch   8 | Test Results: {'train_clu_acc': np.float64(0.7133333333333334), 'train_clu_nmi': 0.1512666724185878, 'train_clu_ari': 0.17698885905442752, 'train_svc_acc': 0.8133333333333334, 'test_svc_acc': 0.6842105263157895}

Evaluate the graph kernel by graph classification accuracy & spectral clustering
Epoch   9 | Test Results: {'train_clu_acc': np.float64(0.7266666666666667), 'train_clu_nmi': 0.16516455930048407, 'train_clu_ari': 0.20044959893420336, 'train_svc_acc': 0.82, 'test_svc_acc': 0.7368421052631579}

Evaluate the graph kernel by graph classification accuracy & spectral clustering
Epoch  10 | Test Results: {'train_clu_acc': np.float64(0.7133333333333334), 'train_clu_nmi': 0.1512666724185878, 'train_clu_ari': 0.17698885905442752, 'train_svc_acc': 0.82, 'test_svc_acc': 0.7631578947368421}

End time: 2025-07-20 18:47:39
